2025-04-30 09:01:25,031 - INFO - Розпочато виконання головного скрипта.
2025-04-30 09:01:25,031 - INFO - API ключі завантажено.
2025-04-30 09:01:25,677 - INFO - Успішно підключено до Binance API.
2025-04-30 09:01:25,679 - INFO - 
Отримання балансу...
2025-04-30 09:01:25,680 - INFO - --- Отримання спотового балансу ---
2025-04-30 09:01:27,666 - WARNING - Не вдалося отримати ціну для LDBNB у парі зі стейблкоїном, BTC або BNB.
2025-04-30 09:01:28,997 - WARNING - Не вдалося отримати ціну для LDETH у парі зі стейблкоїном, BTC або BNB.
2025-04-30 09:01:30,237 - WARNING - Не вдалося отримати ціну для LDDOGE у парі зі стейблкоїном, BTC або BNB.
2025-04-30 09:01:31,762 - WARNING - Не вдалося отримати ціну для ETHW у парі зі стейблкоїном, BTC або BNB.
2025-04-30 09:01:32,072 - INFO - 
Загальний спотовий баланс (оцінка в USD): 0.41 USD
2025-04-30 09:01:32,076 - INFO - --- Отримання балансу Binance Earn ---
2025-04-30 09:01:32,076 - ERROR - Невідома помилка при отриманні балансу Binance Earn: 'Client' object has no attribute 'get_lending_account'
2025-04-30 09:01:32,076 - INFO - 
Загальний Binance Earn баланс (оцінка в USD): 0.00 USD
2025-04-30 09:01:32,076 - INFO - --- Отримання ф'ючерсного балансу (USDT-M) ---
2025-04-30 09:01:32,594 - INFO - Актив: USDT
2025-04-30 09:01:32,594 - INFO -   Баланс гаманця: 10.00000000
2025-04-30 09:01:32,596 - INFO -   Нереалізований PNL: 0.00000000
2025-04-30 09:01:32,597 - INFO -   Загальний баланс активу (в USDT): 10.00000000
2025-04-30 09:01:32,597 - INFO - 
Загальний ф'ючерсний баланс (оцінка в USD): 10.00 USD
2025-04-30 09:01:32,614 - INFO - 
Спотовий баланс:
2025-04-30 09:01:32,614 - INFO - 
 Актив    Вільний Заблокований     Всього Вартість (USD)
   ETH 0.00000547   0.00000000 0.00000547           0.01
  USDT 0.32328000   0.00000000 0.32328000           0.32
  USDC 0.06720962   0.00000000 0.06720962           0.07
 LDBNB 0.00084338   0.00000000 0.00084338            N/A
 LDETH 0.17972259   0.00000000 0.17972259            N/A
LDDOGE 0.00000352   0.00000000 0.00000352            N/A
   ANC 0.00022672   0.00000000 0.00022672           0.00
  ETHW 0.00000583   0.00000000 0.00000583            N/A
 KAITO 0.00931159   0.00000000 0.00931159           0.01
2025-04-30 09:01:32,617 - INFO - Дані збережено у файл JSON: D:\code\pro1\balance\output\balance_output.json
2025-04-30 09:01:32,617 - INFO - Дані збережено у файл TXT: D:\code\pro1\balance\output\balance_output.txt
2025-04-30 09:01:32,617 - INFO - 
Виконання головного скрипта завершено.
