2025-04-30 08:51:33,942 - INFO - Розпочато виконання скрипта balance_binance.py
2025-04-30 08:51:33,942 - INFO - API ключі завантажено.
2025-04-30 08:51:34,781 - INFO - Успішно підключено до Binance API.
2025-04-30 08:51:34,781 - INFO - 
Отримання балансу...
2025-04-30 08:51:34,781 - INFO - --- Отримання спотового балансу ---
2025-04-30 08:51:36,911 - WARNING - Не вдалося отримати ціну для LDBNB у парі зі стейблкоїном, BTC або BNB.
2025-04-30 08:51:38,160 - WARNING - Не вдалося отримати ціну для LDETH у парі зі стейблкоїном, BTC або BNB.
2025-04-30 08:51:39,381 - WARNING - Не вдалося отримати ціну для LDDOGE у парі зі стейблкоїном, BTC або BNB.
2025-04-30 08:51:40,903 - WARNING - Не вдалося отримати ціну для ETHW у парі зі стейблкоїном, BTC або BNB.
2025-04-30 08:51:41,214 - INFO - 
Загальний спотовий баланс (оцінка в USD): 0.41 USD
2025-04-30 08:51:41,214 - INFO - --- Отримання ф'ючерсного балансу (USDT-M) ---
2025-04-30 08:51:42,444 - INFO - Актив: USDT
2025-04-30 08:51:42,444 - INFO -   Баланс гаманця: 10.00000000
2025-04-30 08:51:42,444 - INFO -   Нереалізований PNL: 0.00000000
2025-04-30 08:51:42,444 - INFO -   Загальний баланс активу (в USDT): 10.00000000
2025-04-30 08:51:42,444 - INFO - 
Загальний ф'ючерсний баланс (оцінка в USD): 10.00 USD
2025-04-30 08:51:42,526 - INFO - 
Спотовий баланс:
2025-04-30 08:51:42,526 - INFO - 
 Актив    Вільний Заблокований     Всього Вартість (USD)
   ETH 0.00000547   0.00000000 0.00000547           0.01
  USDT 0.32328000   0.00000000 0.32328000           0.32
  USDC 0.06720962   0.00000000 0.06720962           0.07
 LDBNB 0.00084338   0.00000000 0.00084338            N/A
 LDETH 0.17972259   0.00000000 0.17972259            N/A
LDDOGE 0.00000352   0.00000000 0.00000352            N/A
   ANC 0.00022672   0.00000000 0.00022672           0.00
  ETHW 0.00000583   0.00000000 0.00000583            N/A
 KAITO 0.00931159   0.00000000 0.00931159           0.01
2025-04-30 08:51:42,565 - INFO - Дані збережено у файл JSON: d:\code\pro1\balance\output\balance_output.json
2025-04-30 08:51:42,565 - INFO - Дані збережено у файл TXT: d:\code\pro1\balance\output\balance_output.txt
2025-04-30 08:51:42,565 - INFO - 
Виконання скрипта balance_binance.py завершено.
