2025-04-28 05:54:58,845 - INFO - Розпочато виконання скрипта balance_binance.py
2025-04-28 05:54:58,849 - INFO - API ключі завантажено.
2025-04-28 05:54:59,492 - INFO - Успішно підключено до Binance API.
2025-04-28 05:54:59,492 - INFO - 
Отримання балансу...
2025-04-28 05:54:59,492 - INFO - --- Отримання спотового балансу ---
2025-04-28 05:55:01,066 - WARNING - Не вдалося отримати ціну для LDBNB у парі зі стейблкоїном, BTC або BNB.
2025-04-28 05:55:02,167 - WARNING - Не вдалося отримати ціну для LDETH у парі зі стейблкоїном, BTC або BNB.
2025-04-28 05:55:03,300 - WARNING - Не вдалося отримати ціну для LDDOGE у парі зі стейблкоїном, BTC або BNB.
2025-04-28 05:55:04,620 - WARNING - Не вдалося отримати ціну для ETHW у парі зі стейблкоїном, BTC або BNB.
2025-04-28 05:55:04,877 - INFO - 
Загальний спотовий баланс (оцінка в USD): 324.93 USD
2025-04-28 05:55:04,877 - INFO - --- Отримання ф'ючерсного балансу (USDT-M) ---
2025-04-28 05:55:05,270 - INFO - Актив: USDT
2025-04-28 05:55:05,270 - INFO -   Баланс гаманця: 10.00000000
2025-04-28 05:55:05,270 - INFO -   Нереалізований PNL: 0.00000000
2025-04-28 05:55:05,270 - INFO -   Загальний баланс активу (в USDT): 10.00000000
2025-04-28 05:55:05,270 - INFO - 
Загальний ф'ючерсний баланс (оцінка в USD): 10.00 USD
2025-04-28 05:55:05,295 - INFO - 
Спотовий баланс:
2025-04-28 05:55:05,295 - INFO - 
 Актив    Вільний Заблокований     Всього Вартість (USD)
   ETH 0.18301680   0.00000000 0.18301680         324.53
  USDT 0.32328000   0.00000000 0.32328000           0.32
  USDC 0.06720962   0.00000000 0.06720962           0.07
 LDBNB 0.00084338   0.00000000 0.00084338            N/A
 LDETH 0.00005039   0.00000000 0.00005039            N/A
LDDOGE 0.00000352   0.00000000 0.00000352            N/A
   ANC 0.00022672   0.00000000 0.00022672           0.00
  ETHW 0.00000583   0.00000000 0.00000583            N/A
 KAITO 0.00931159   0.00000000 0.00931159           0.01
2025-04-28 05:55:05,299 - INFO - Дані збережено у файл JSON: d:\code\pro1\balance\output\balance_output.json
2025-04-28 05:55:05,301 - INFO - Дані збережено у файл TXT: d:\code\pro1\balance\output\balance_output.txt
2025-04-28 05:55:05,301 - INFO - 
Виконання скрипта balance_binance.py завершено.
