2025-04-28 05:28:59,632 - INFO - Розпочато виконання скрипта spot_account_binance.py
2025-04-28 05:28:59,632 - INFO - API ключі завантажено.
2025-04-28 05:29:00,360 - INFO - Успішно підключено до Binance API.
2025-04-28 05:29:00,360 - INFO - 
Отримання спотового балансу...
2025-04-28 05:29:00,360 - INFO - --- Отримання спотового балансу ---
2025-04-28 05:29:02,226 - WARNING - Не вдалося отримати ціну для LDBNB у парі зі стейблкоїном, BTC або BNB.
2025-04-28 05:29:03,417 - WARNING - Не вдалося отримати ціну для LDETH у парі зі стейблкоїном, BTC або BNB.
2025-04-28 05:29:04,713 - WARNING - Не вдалося отримати ціну для LDDOGE у парі зі стейблкоїном, BTC або BNB.
2025-04-28 05:29:06,244 - WARNING - Не вдалося отримати ціну для ETHW у парі зі стейблкоїном, BTC або BNB.
2025-04-28 05:29:06,628 - INFO - 
Загальний спотовий баланс (оцінка в USD): 324.08 USD
2025-04-28 05:29:06,648 - INFO - 
Деталі спотового балансу:
2025-04-28 05:29:06,649 - INFO - 
 Актив    Вільний Заблокований     Всього Вартість (USD)
   ETH 0.18301680   0.00000000 0.18301680         323.68
  USDT 0.32328000   0.00000000 0.32328000           0.32
  USDC 0.06720962   0.00000000 0.06720962           0.07
 LDBNB 0.00084338   0.00000000 0.00084338            N/A
 LDETH 0.00005039   0.00000000 0.00005039            N/A
LDDOGE 0.00000352   0.00000000 0.00000352            N/A
   ANC 0.00022672   0.00000000 0.00022672           0.00
  ETHW 0.00000583   0.00000000 0.00000583            N/A
 KAITO 0.00931159   0.00000000 0.00931159           0.01
2025-04-28 05:29:06,649 - INFO - 
Виконання скрипта spot_account_binance.py завершено.
