2025-04-28 04:29:00,059 - INFO - Розпочато виконання скрипта отримання балансів Binance.
2025-04-28 04:29:01,173 - INFO - Успішно підключено до Binance API.
2025-04-28 04:29:01,173 - INFO - 
Отримання балансу...
2025-04-28 04:29:01,173 - INFO - 
--- Спотовий гаманець ---
2025-04-28 04:29:03,018 - WARNING - Не вдалося отримати ціну для LDBNB у парі зі стейблкоїном, BTC або BNB.
2025-04-28 04:29:04,258 - WARNING - Не вдалося отримати ціну для LDETH у парі зі стейблкоїном, BTC або BNB.
2025-04-28 04:29:05,409 - WARNING - Не вдалося отримати ціну для LDDOGE у парі зі стейблкоїном, BTC або BNB.
2025-04-28 04:29:06,737 - WARNING - Не вдалося отримати ціну для ETHW у парі зі стейблкоїном, BTC або BNB.
2025-04-28 04:29:07,000 - INFO - 
Спотовий баланс:
2025-04-28 04:29:07,012 - INFO - 
 Актив    Вільний Заблокований     Всього Вартість (USD)
   ETH 0.18301680   0.00000000 0.18301680         324.05
  USDT 0.32328000   0.00000000 0.32328000           0.32
  USDC 0.06720962   0.00000000 0.06720962           0.07
 LDBNB 0.00084338   0.00000000 0.00084338            N/A
 LDETH 0.00005039   0.00000000 0.00005039            N/A
LDDOGE 0.00000352   0.00000000 0.00000352            N/A
   ANC 0.00022672   0.00000000 0.00022672           0.00
  ETHW 0.00000583   0.00000000 0.00000583            N/A
 KAITO 0.00931159   0.00000000 0.00931159           0.01
2025-04-28 04:29:07,012 - INFO - 
Загальний спотовий баланс (оцінка в USD): 324.45 USD
2025-04-28 04:29:07,012 - INFO - 
--- Ф'ючерсний гаманець (USDT-M) ---
2025-04-28 04:29:07,419 - INFO - Актив: USDT
2025-04-28 04:29:07,419 - INFO -   Баланс гаманця: 10.00000000
2025-04-28 04:29:07,419 - INFO -   Нереалізований PNL: 0.00000000
2025-04-28 04:29:07,419 - INFO -   Загальний баланс активу (в USDT): 10.00000000
2025-04-28 04:29:07,419 - INFO - 
Загальний ф'ючерсний баланс (оцінка в USD): 10.00 USD
2025-04-28 04:29:07,419 - INFO - 
Виконання скрипта завершено.
