2025-04-30 09:07:17,924 - INFO - Розпочато виконання головного скрипта.
2025-04-30 09:07:17,924 - INFO - API ключі завантажено.
2025-04-30 09:07:18,790 - INFO - Успішно підключено до Binance API.
2025-04-30 09:07:18,790 - INFO - 
Отримання балансу...
2025-04-30 09:07:18,790 - INFO - --- Отримання спотового балансу ---
2025-04-30 09:07:20,466 - WARNING - Не вдалося отримати ціну для LDBNB у парі зі стейблкоїном, BTC або BNB.
2025-04-30 09:07:21,806 - WARNING - Не вдалося отримати ціну для LDETH у парі зі стейблкоїном, BTC або BNB.
2025-04-30 09:07:23,313 - WARNING - Не вдалося отримати ціну для LDDOGE у парі зі стейблкоїном, BTC або BNB.
2025-04-30 09:07:29,381 - WARNING - Не вдалося отримати ціну для ETHW у парі зі стейблкоїном, BTC або BNB.
2025-04-30 09:07:32,660 - INFO - 
Загальний спотовий баланс (оцінка в USD): 0.41 USD
2025-04-30 09:07:32,660 - INFO - --- Отримання балансу Binance Earn (Simple Earn) ---
2025-04-30 09:07:32,660 - INFO -   Спроба отримати Flexible Simple Earn...
2025-04-30 09:07:33,218 - INFO -   Тип flexible_positions: <class 'dict'>
2025-04-30 09:07:33,218 - INFO -   Вміст flexible_positions (перші 200 символів): {'total': 3, 'rows': [{'totalAmount': '0.00084544', 'tierAnnualPercentageRate': {'0-1BNB': '0.00160000'}, 'latestAnnualPercentageRate': '0.00035182', 'asset': 'BNB', 'canRedeem': True, 'collateralAmou...
2025-04-30 09:07:33,218 - INFO -   Знайдено 2 Flexible Simple Earn позицій.
2025-04-30 09:07:33,218 - INFO -   Тип елемента position: <class 'str'>
2025-04-30 09:07:33,218 - INFO -   Вміст елемента position (перші 100 символів): total...
2025-04-30 09:07:33,218 - ERROR - Невідома помилка при отриманні балансу Binance Earn: string indices must be integers, not 'str'
2025-04-30 09:07:33,218 - ERROR - Деталі помилки:
2025-04-30 09:07:33,226 - ERROR - Traceback (most recent call last):
  File "D:\code\pro1\balance\api.py", line 207, in get_earn_balance
    asset = position['asset'] # <-- Тут, ймовірно, стається TypeError
            ~~~~~~~~^^^^^^^^^
TypeError: string indices must be integers, not 'str'

2025-04-30 09:07:33,226 - INFO - 
Загальний Binance Earn баланс (оцінка в USD): 0.00 USD
2025-04-30 09:07:33,226 - INFO - --- Отримання ф'ючерсного балансу (USDT-M) ---
2025-04-30 09:07:33,901 - INFO - Актив: USDT
2025-04-30 09:07:33,901 - INFO -   Баланс гаманця: 10.00000000
2025-04-30 09:07:33,901 - INFO -   Нереалізований PNL: 0.00000000
2025-04-30 09:07:33,901 - INFO -   Загальний баланс активу (в USDT): 10.00000000
2025-04-30 09:07:33,901 - INFO - 
Загальний ф'ючерсний баланс (оцінка в USD): 10.00 USD
2025-04-30 09:07:33,924 - INFO - 
Спотовий баланс:
2025-04-30 09:07:33,924 - INFO - 
 Актив    Вільний Заблокований     Всього Вартість (USD)
   ETH 0.00000547   0.00000000 0.00000547           0.01
  USDT 0.32328000   0.00000000 0.32328000           0.32
  USDC 0.06720962   0.00000000 0.06720962           0.07
 LDBNB 0.00084338   0.00000000 0.00084338            N/A
 LDETH 0.17972259   0.00000000 0.17972259            N/A
LDDOGE 0.00000352   0.00000000 0.00000352            N/A
   ANC 0.00022672   0.00000000 0.00022672           0.00
  ETHW 0.00000583   0.00000000 0.00000583            N/A
 KAITO 0.00931159   0.00000000 0.00931159           0.01
2025-04-30 09:07:33,926 - INFO - Дані збережено у файл JSON: D:\code\pro1\balance\output\balance_output.json
2025-04-30 09:07:33,926 - INFO - Дані збережено у файл TXT: D:\code\pro1\balance\output\balance_output.txt
2025-04-30 09:07:33,926 - INFO - 
Виконання головного скрипта завершено.
