2025-04-28 04:36:31,404 - INFO - Розпочато виконання скрипта отримання балансів Binance.
2025-04-28 04:36:32,104 - INFO - Успішно підключено до Binance API.
2025-04-28 04:36:32,104 - INFO - 
Отримання балансу...
2025-04-28 04:36:32,104 - INFO - 
--- Спотовий гаманець ---
2025-04-28 04:36:33,785 - WARNING - Не вдалося отримати ціну для LDBNB у парі зі стейблкоїном, BTC або BNB.
2025-04-28 04:36:34,806 - WARNING - Не вдалося отримати ціну для LDETH у парі зі стейблкоїном, BTC або BNB.
2025-04-28 04:36:35,858 - WARNING - Не вдалося отримати ціну для LDDOGE у парі зі стейблкоїном, BTC або BNB.
2025-04-28 04:36:37,390 - WARNING - Не вдалося отримати ціну для ETHW у парі зі стейблкоїном, BTC або BNB.
2025-04-28 04:36:37,651 - INFO - 
Спотовий баланс:
2025-04-28 04:36:37,659 - INFO - 
 Актив    Вільний Заблокований     Всього Вартість (USD)
   ETH 0.18301680   0.00000000 0.18301680         322.07
  USDT 0.32328000   0.00000000 0.32328000           0.32
  USDC 0.06720962   0.00000000 0.06720962           0.07
 LDBNB 0.00084338   0.00000000 0.00084338            nan
 LDETH 0.00005039   0.00000000 0.00005039            nan
LDDOGE 0.00000352   0.00000000 0.00000352            nan
   ANC 0.00022672   0.00000000 0.00022672           0.00
  ETHW 0.00000583   0.00000000 0.00000583            nan
 KAITO 0.00931159   0.00000000 0.00931159           0.01
2025-04-28 04:36:37,659 - INFO - 
Загальний спотовий баланс (оцінка в USD): 322.47 USD
2025-04-28 04:36:37,662 - INFO - 
--- Ф'ючерсний гаманець (USDT-M) ---
2025-04-28 04:36:38,640 - INFO - Актив: USDT
2025-04-28 04:36:38,644 - INFO -   Баланс гаманця: 10.00000000
2025-04-28 04:36:38,644 - INFO -   Нереалізований PNL: 0.00000000
2025-04-28 04:36:38,644 - INFO -   Загальний баланс активу (в USDT): 10.00000000
2025-04-28 04:36:38,644 - INFO - 
Загальний ф'ючерсний баланс (оцінка в USD): 10.00 USD
2025-04-28 04:36:38,644 - INFO - 
Дані балансу збережено у файл JSON: balance_output.json
2025-04-28 04:36:38,663 - INFO - Дані балансу збережено у файл TXT: balance_output.txt
2025-04-28 04:36:38,668 - INFO - Виконання скрипта завершено.
