2025-04-30 09:14:59,706 - INFO - Розпочато виконання головного скрипта.
2025-04-30 09:14:59,709 - INFO - API ключі завантажено.
2025-04-30 09:15:06,571 - INFO - Успішно підключено до Binance API.
2025-04-30 09:15:06,571 - INFO - 
Отримання балансу...
2025-04-30 09:15:06,571 - INFO - --- Отримання спотового балансу ---
2025-04-30 09:15:10,657 - WARNING - Не вдалося отримати ціну для LDBNB у парі зі стейблкоїном, BTC або BNB.
2025-04-30 09:15:12,861 - WARNING - Не вдалося отримати ціну для LDETH у парі зі стейблкоїном, BTC або BNB.
2025-04-30 09:15:15,126 - WARNING - Не вдалося отримати ціну для LDDOGE у парі зі стейблкоїном, BTC або BNB.
2025-04-30 09:15:17,248 - WARNING - Не вдалося отримати ціну для ETHW у парі зі стейблкоїном, BTC або BNB.
2025-04-30 09:15:17,560 - INFO - 
Загальний спотовий баланс (оцінка в USD): 0.41 USD
2025-04-30 09:15:17,560 - INFO - --- Отримання балансу Binance Earn (Simple Earn) ---
2025-04-30 09:15:17,560 - INFO -   Спроба отримати Flexible Simple Earn...
2025-04-30 09:15:18,049 - INFO -   Знайдено 3 Flexible Simple Earn позицій.
2025-04-30 09:15:18,700 - INFO -   Спроба отримати Locked Simple Earn...
2025-04-30 09:15:19,116 - INFO -   Знайдено 2 Locked Simple Earn позицій.
2025-04-30 09:15:19,116 - ERROR - Невідома помишка при отриманні балансу Binance Earn: 'str' object has no attribute 'get'
2025-04-30 09:15:19,116 - ERROR - Деталі помилки:
2025-04-30 09:15:19,116 - ERROR - Traceback (most recent call last):
  File "D:\code\pro1\balance\api.py", line 224, in get_earn_balance
    asset = position.get('asset') # Використовуємо .get для безпеки
            ^^^^^^^^^^^^
AttributeError: 'str' object has no attribute 'get'

2025-04-30 09:15:19,116 - INFO - 
Загальний Binance Earn баланс (оцінка в USD): 0.00 USD
2025-04-30 09:15:19,116 - INFO - --- Отримання ф'ючерсного балансу (USDT-M) ---
2025-04-30 09:15:21,280 - INFO - Актив: USDT
2025-04-30 09:15:21,280 - INFO -   Баланс гаманця: 10.00000000
2025-04-30 09:15:21,280 - INFO -   Нереалізований PNL: 0.00000000
2025-04-30 09:15:21,280 - INFO -   Загальний баланс активу (в USDT): 10.00000000
2025-04-30 09:15:21,280 - INFO - 
Загальний ф'ючерсний баланс (оцінка в USD): 10.00 USD
2025-04-30 09:15:21,302 - INFO - 
Спотовий баланс:
2025-04-30 09:15:21,302 - INFO - 
 Актив    Вільний Заблокований     Всього Вартість (USD)
   ETH 0.00000547   0.00000000 0.00000547           0.01
  USDT 0.32328000   0.00000000 0.32328000           0.32
  USDC 0.06720962   0.00000000 0.06720962           0.07
 LDBNB 0.00084338   0.00000000 0.00084338            N/A
 LDETH 0.17972259   0.00000000 0.17972259            N/A
LDDOGE 0.00000352   0.00000000 0.00000352            N/A
   ANC 0.00022672   0.00000000 0.00022672           0.00
  ETHW 0.00000583   0.00000000 0.00000583            N/A
 KAITO 0.00931159   0.00000000 0.00931159           0.01
2025-04-30 09:15:21,305 - INFO - Дані збережено у файл JSON: D:\code\pro1\balance\output\balance_output.json
2025-04-30 09:15:21,307 - INFO - Дані збережено у файл TXT: D:\code\pro1\balance\output\balance_output.txt
2025-04-30 09:15:21,308 - INFO - 
Виконання головного скрипта завершено.
