2025-04-28 05:38:12,004 - INFO - Розпочато виконання скрипта spot_account_binance.py
2025-04-28 05:38:12,004 - INFO - API ключі завантажено.
2025-04-28 05:38:12,700 - INFO - Успішно підключено до Binance API.
2025-04-28 05:38:12,708 - INFO - 
Отримання спотового балансу...
2025-04-28 05:38:12,708 - INFO - --- Отримання спотового балансу ---
2025-04-28 05:38:14,274 - WARNING - Не вдалося отримати ціну для LDBNB у парі зі стейблкоїном, BTC або BNB.
2025-04-28 05:38:15,312 - WARNING - Не вдалося отримати ціну для LDETH у парі зі стейблкоїном, BTC або BNB.
2025-04-28 05:38:16,377 - WARNING - Не вдалося отримати ціну для LDDOGE у парі зі стейблкоїном, BTC або BNB.
2025-04-28 05:38:17,681 - WARNING - Не вдалося отримати ціну для ETHW у парі зі стейблкоїном, BTC або BNB.
2025-04-28 05:38:17,942 - INFO - 
Загальний спотовий баланс (оцінка в USD): 324.12 USD
2025-04-28 05:38:17,942 - INFO - 
Деталі спотового балансу:
2025-04-28 05:38:17,942 - INFO - 
 Актив    Вільний Заблокований     Всього Вартість (USD)
   ETH 0.18301680   0.00000000 0.18301680         323.72
  USDT 0.32328000   0.00000000 0.32328000           0.32
  USDC 0.06720962   0.00000000 0.06720962           0.07
 LDBNB 0.00084338   0.00000000 0.00084338            N/A
 LDETH 0.00005039   0.00000000 0.00005039            N/A
LDDOGE 0.00000352   0.00000000 0.00000352            N/A
   ANC 0.00022672   0.00000000 0.00022672           0.00
  ETHW 0.00000583   0.00000000 0.00000583            N/A
 KAITO 0.00931159   0.00000000 0.00931159           0.01
2025-04-28 05:38:17,957 - INFO - Дані збережено у файл JSON: d:\code\pro1\balance\output\spot_account_binance_output.json
2025-04-28 05:38:17,957 - INFO - Дані збережено у файл TXT: d:\code\pro1\balance\output\spot_account_binance_output.txt
2025-04-28 05:38:17,959 - INFO - 
Виконання скрипта spot_account_binance.py завершено.
