2025-04-28 05:21:04,345 - INFO - Розпочато виконання головного скрипта.
2025-04-28 05:21:04,353 - INFO - API ключі завантажено.
2025-04-28 05:21:06,450 - INFO - Успішно підключено до Binance API.
2025-04-28 05:21:06,450 - INFO - 
Отримання балансу...
2025-04-28 05:21:06,451 - INFO - --- Отримання спотового балансу ---
2025-04-28 05:21:09,341 - WARNING - Не вдалося отримати ціну для LDBNB у парі зі стейблкоїном, BTC або BNB.
2025-04-28 05:21:10,361 - WARNING - Не вдалося отримати ціну для LDETH у парі зі стейблкоїном, BTC або BNB.
2025-04-28 05:21:11,410 - WARNING - Не вдалося отримати ціну для LDDOGE у парі зі стейблкоїном, BTC або BNB.
2025-04-28 05:21:12,694 - WARNING - Не вдалося отримати ціну для ETHW у парі зі стейблкоїном, BTC або BNB.
2025-04-28 05:21:12,960 - INFO - 
Загальний спотовий баланс (оцінка в USD): 324.34 USD
2025-04-28 05:21:12,960 - INFO - --- Отримання ф'ючерсного балансу (USDT-M) ---
2025-04-28 05:21:13,904 - INFO - Актив: USDT
2025-04-28 05:21:13,904 - INFO -   Баланс гаманця: 10.00000000
2025-04-28 05:21:13,904 - INFO -   Нереалізований PNL: 0.00000000
2025-04-28 05:21:13,904 - INFO -   Загальний баланс активу (в USDT): 10.00000000
2025-04-28 05:21:13,904 - INFO - 
Загальний ф'ючерсний баланс (оцінка в USD): 10.00 USD
2025-04-28 05:21:13,904 - INFO - 
Спотовий баланс:
2025-04-28 05:21:13,904 - INFO - 
 Актив    Вільний Заблокований     Всього Вартість (USD)
   ETH 0.18301680   0.00000000 0.18301680         323.94
  USDT 0.32328000   0.00000000 0.32328000           0.32
  USDC 0.06720962   0.00000000 0.06720962           0.07
 LDBNB 0.00084338   0.00000000 0.00084338            N/A
 LDETH 0.00005039   0.00000000 0.00005039            N/A
LDDOGE 0.00000352   0.00000000 0.00000352            N/A
   ANC 0.00022672   0.00000000 0.00022672           0.00
  ETHW 0.00000583   0.00000000 0.00000583            N/A
 KAITO 0.00931159   0.00000000 0.00931159           0.01
2025-04-28 05:21:13,917 - INFO - Дані балансу збережено у файл JSON: D:\code\pro1\balance\output\balance_output.json
2025-04-28 05:21:13,918 - INFO - Дані балансу збережено у файл TXT: D:\code\pro1\balance\output\balance_output.txt
2025-04-28 05:21:13,918 - INFO - 
Виконання головного скрипта завершено.
