2025-04-28 04:41:13,300 - INFO - Розпочато виконання скрипта отримання балансів Binance.
2025-04-28 04:41:13,932 - INFO - Успішно підключено до Binance API.
2025-04-28 04:41:13,932 - INFO - 
Отримання балансу...
2025-04-28 04:41:13,933 - INFO - 
--- Спотовий гаманець ---
2025-04-28 04:41:15,522 - WARNING - Не вдалося отримати ціну для LDBNB у парі зі стейблкоїном, BTC або BNB.
2025-04-28 04:41:16,559 - WARNING - Не вдалося отримати ціну для LDETH у парі зі стейблкоїном, BTC або BNB.
2025-04-28 04:41:17,635 - WARNING - Не вдалося отримати ціну для LDDOGE у парі зі стейблкоїном, BTC або BNB.
2025-04-28 04:41:18,945 - WARNING - Не вдалося отримати ціну для ETHW у парі зі стейблкоїном, BTC або BNB.
2025-04-28 04:41:19,207 - INFO - 
Спотовий баланс:
2025-04-28 04:41:19,207 - INFO - 
 Актив    Вільний Заблокований     Всього Вартість (USD)
   ETH 0.18301680   0.00000000 0.18301680         321.21
  USDT 0.32328000   0.00000000 0.32328000           0.32
  USDC 0.06720962   0.00000000 0.06720962           0.07
 LDBNB 0.00084338   0.00000000 0.00084338            N/A
 LDETH 0.00005039   0.00000000 0.00005039            N/A
LDDOGE 0.00000352   0.00000000 0.00000352            N/A
   ANC 0.00022672   0.00000000 0.00022672           0.00
  ETHW 0.00000583   0.00000000 0.00000583            N/A
 KAITO 0.00931159   0.00000000 0.00931159           0.01
2025-04-28 04:41:19,207 - INFO - 
Загальний спотовий баланс (оцінка в USD): 321.60 USD
2025-04-28 04:41:19,207 - INFO - 
--- Ф'ючерсний гаманець (USDT-M) ---
2025-04-28 04:41:20,187 - INFO - Актив: USDT
2025-04-28 04:41:20,187 - INFO -   Баланс гаманця: 10.00000000
2025-04-28 04:41:20,187 - INFO -   Нереалізований PNL: 0.00000000
2025-04-28 04:41:20,187 - INFO -   Загальний баланс активу (в USDT): 10.00000000
2025-04-28 04:41:20,187 - INFO - 
Загальний ф'ючерсний баланс (оцінка в USD): 10.00 USD
2025-04-28 04:41:20,194 - INFO - 
Дані балансу збережено у файл JSON: balance_output.json
2025-04-28 04:41:20,202 - INFO - Дані балансу збережено у файл TXT: balance_output.txt
2025-04-28 04:41:20,202 - INFO - Виконання скрипта завершено.
