2025-04-28 04:53:47,956 - INFO - Розпочато виконання скрипта отримання балансів Binance.
2025-04-28 04:53:48,748 - INFO - Успішно підключено до Binance API.
2025-04-28 04:53:48,748 - INFO - 
Отримання балансу...
2025-04-28 04:53:48,754 - INFO - 
--- Спотовий гаманець ---
2025-04-28 04:53:50,370 - WARNING - Не вдалося отримати ціну для LDBNB у парі зі стейблкоїном, BTC або BNB.
2025-04-28 04:53:51,394 - WARNING - Не вдалося отримати ціну для LDETH у парі зі стейблкоїном, BTC або BNB.
2025-04-28 04:53:52,489 - WARNING - Не вдалося отримати ціну для LDDOGE у парі зі стейблкоїном, BTC або BNB.
2025-04-28 04:53:53,949 - WARNING - Не вдалося отримати ціну для ETHW у парі зі стейблкоїном, BTC або BNB.
2025-04-28 04:53:54,219 - INFO - 
Спотовий баланс:
2025-04-28 04:53:54,235 - INFO - 
 Актив    Вільний Заблокований     Всього Вартість (USD)
   ETH 0.18301680   0.00000000 0.18301680         323.02
  USDT 0.32328000   0.00000000 0.32328000           0.32
  USDC 0.06720962   0.00000000 0.06720962           0.07
 LDBNB 0.00084338   0.00000000 0.00084338            N/A
 LDETH 0.00005039   0.00000000 0.00005039            N/A
LDDOGE 0.00000352   0.00000000 0.00000352            N/A
   ANC 0.00022672   0.00000000 0.00022672           0.00
  ETHW 0.00000583   0.00000000 0.00000583            N/A
 KAITO 0.00931159   0.00000000 0.00931159           0.01
2025-04-28 04:53:54,235 - INFO - 
Загальний спотовий баланс (оцінка в USD): 323.42 USD
2025-04-28 04:53:54,235 - INFO - 
--- Ф'ючерсний гаманець (USDT-M) ---
2025-04-28 04:53:55,203 - INFO - Актив: USDT
2025-04-28 04:53:55,203 - INFO -   Баланс гаманця: 10.00000000
2025-04-28 04:53:55,203 - INFO -   Нереалізований PNL: 0.00000000
2025-04-28 04:53:55,203 - INFO -   Загальний баланс активу (в USDT): 10.00000000
2025-04-28 04:53:55,203 - INFO - 
Загальний ф'ючерсний баланс (оцінка в USD): 10.00 USD
2025-04-28 04:53:55,203 - INFO - 
Дані балансу збережено у файл JSON: d:\code\pro1\balance\output\balance_output.json
2025-04-28 04:53:55,223 - INFO - Дані балансу збережено у файл TXT: d:\code\pro1\balance\output\balance_output.txt
2025-04-28 04:53:55,223 - INFO - Виконання скрипта завершено.
