2025-04-28 05:51:30,696 - INFO - Розпочато виконання скрипта spot_account_binance.py
2025-04-28 05:51:30,696 - INFO - API ключі завантажено.
2025-04-28 05:51:31,254 - INFO - Успішно підключено до Binance API.
2025-04-28 05:51:31,254 - INFO - 
Отримання спотового балансу...
2025-04-28 05:51:31,254 - INFO - --- Отримання спотового балансу ---
2025-04-28 05:51:32,821 - WARNING - Не вдалося отримати ціну для LDBNB у парі зі стейблкоїном, BTC або BNB.
2025-04-28 05:51:33,842 - WARNING - Не вдалося отримати ціну для LDETH у парі зі стейблкоїном, BTC або BNB.
2025-04-28 05:51:34,880 - WARNING - Не вдалося отримати ціну для LDDOGE у парі зі стейблкоїном, BTC або BNB.
2025-04-28 05:51:36,178 - WARNING - Не вдалося отримати ціну для ETHW у парі зі стейблкоїном, BTC або BNB.
2025-04-28 05:51:36,441 - INFO - 
Загальний спотовий баланс (оцінка в USD): 325.07 USD
2025-04-28 05:51:36,441 - INFO - 
Деталі спотового балансу:
2025-04-28 05:51:36,441 - INFO - 
 Актив    Вільний Заблокований     Всього Вартість (USD)
   ETH 0.18301680   0.00000000 0.18301680         324.67
  USDT 0.32328000   0.00000000 0.32328000           0.32
  USDC 0.06720962   0.00000000 0.06720962           0.07
 LDBNB 0.00084338   0.00000000 0.00084338            N/A
 LDETH 0.00005039   0.00000000 0.00005039            N/A
LDDOGE 0.00000352   0.00000000 0.00000352            N/A
   ANC 0.00022672   0.00000000 0.00022672           0.00
  ETHW 0.00000583   0.00000000 0.00000583            N/A
 KAITO 0.00931159   0.00000000 0.00931159           0.01
2025-04-28 05:51:36,452 - INFO - Дані збережено у файл JSON: d:\code\pro1\balance\output\spot_account_binance_output.json
2025-04-28 05:51:36,453 - INFO - Дані збережено у файл TXT: d:\code\pro1\balance\output\spot_account_binance_output.txt
2025-04-28 05:51:36,453 - INFO - 
Виконання скрипта spot_account_binance.py завершено.
