2025-04-28 04:18:48,531 - INFO - Розпочато виконання скрипта отримання балансів Binance.
2025-04-28 04:18:49,155 - INFO - Успішно підключено до Binance API.
2025-04-28 04:18:49,161 - INFO - 
Отримання балансу...
2025-04-28 04:18:49,161 - INFO - 
--- Спотовий гаманець ---
2025-04-28 04:18:50,246 - WARNING - Не вдалося отримати ціну для LDBNB у парі з USDT або BUSD.
2025-04-28 04:18:50,859 - WARNING - Не вдалося отримати ціну для LDETH у парі з USDT або BUSD.
2025-04-28 04:18:51,384 - WARNING - Не вдалося отримати ціну для LDDOGE у парі з USDT або BUSD.
2025-04-28 04:18:52,168 - WARNING - Не вдалося отримати ціну для ETHW у парі з USDT або BUSD.
2025-04-28 04:18:52,437 - INFO - 
Спотовий баланс:
2025-04-28 04:18:52,461 - INFO - 
 Актив    Вільний Заблокований     Всього Вартість (USD)
   ETH 0.18301680   0.00000000 0.18301680         324.89
  USDT 0.32328000   0.00000000 0.32328000           0.32
 LDBNB 0.00084338   0.00000000 0.00084338            N/A
 LDETH 0.00005039   0.00000000 0.00005039            N/A
LDDOGE 0.00000352   0.00000000 0.00000352            N/A
   ANC 0.00022672   0.00000000 0.00022672           0.00
  ETHW 0.00000583   0.00000000 0.00000583            N/A
 KAITO 0.00931159   0.00000000 0.00931159           0.01
2025-04-28 04:18:52,462 - INFO - 
Загальний спотовий баланс (оцінка в USD): 325.22 USD
2025-04-28 04:18:52,464 - INFO - 
--- Ф'ючерсний гаманець (USDT-M) ---
2025-04-28 04:18:52,874 - INFO - Актив: USDT
2025-04-28 04:18:52,874 - INFO -   Баланс гаманця: 10.00000000
2025-04-28 04:18:52,874 - INFO -   Нереалізований PNL: 0.00000000
2025-04-28 04:18:52,881 - INFO -   Загальний баланс активу (в USDT): 10.00000000
2025-04-28 04:18:52,881 - INFO - 
Загальний ф'ючерсний баланс (оцінка в USD): 10.00 USD
2025-04-28 04:18:52,881 - INFO - 
Виконання скрипта завершено.
