2025-04-28 05:01:51,369 - INFO - Виконання як основного скрипта.
2025-04-28 05:01:51,371 - INFO - API ключі завантажено.
2025-04-28 05:01:52,033 - INFO - Успішно підключено до Binance API.
2025-04-28 05:01:52,033 - INFO - 
Отримання балансу...
2025-04-28 05:01:52,033 - INFO - 
--- Отримання спотового балансу ---
2025-04-28 05:01:53,740 - WARNING - Не вдалося отримати ціну для LDBNB у парі зі стейблкоїном, BTC або BNB.
2025-04-28 05:01:54,772 - WARNING - Не вдалося отримати ціну для LDETH у парі зі стейблкоїном, BTC або BNB.
2025-04-28 05:01:55,810 - WARNING - Не вдалося отримати ціну для LDDOGE у парі зі стейблкоїном, BTC або BNB.
2025-04-28 05:01:57,249 - WARNING - Не вдалося отримати ціну для ETHW у парі зі стейблкоїном, BTC або BNB.
2025-04-28 05:01:57,512 - INFO - 
Загальний спотовий баланс (оцінка в USD): 323.21 USD
2025-04-28 05:01:57,512 - INFO - 
--- Отримання ф'ючерсного балансу (USDT-M) ---
2025-04-28 05:01:58,438 - INFO - Актив: USDT
2025-04-28 05:01:58,438 - INFO -   Баланс гаманця: 10.00000000
2025-04-28 05:01:58,438 - INFO -   Нереалізований PNL: 0.00000000
2025-04-28 05:01:58,438 - INFO -   Загальний баланс активу (в USDT): 10.00000000
2025-04-28 05:01:58,440 - INFO - 
Загальний ф'ючерсний баланс (оцінка в USD): 10.00 USD
2025-04-28 05:01:58,456 - INFO - 
Спотовий баланс:
2025-04-28 05:01:58,457 - INFO - 
 Актив    Вільний Заблокований     Всього Вартість (USD)
   ETH 0.18301680   0.00000000 0.18301680         322.81
  USDT 0.32328000   0.00000000 0.32328000           0.32
  USDC 0.06720962   0.00000000 0.06720962           0.07
 LDBNB 0.00084338   0.00000000 0.00084338            N/A
 LDETH 0.00005039   0.00000000 0.00005039            N/A
LDDOGE 0.00000352   0.00000000 0.00000352            N/A
   ANC 0.00022672   0.00000000 0.00022672           0.00
  ETHW 0.00000583   0.00000000 0.00000583            N/A
 KAITO 0.00931159   0.00000000 0.00931159           0.01
2025-04-28 05:01:58,460 - INFO - Дані балансу збережено у файл JSON: d:\code\pro1\balance\output\balance_output.json
2025-04-28 05:01:58,461 - INFO - Дані балансу збережено у файл TXT: d:\code\pro1\balance\output\balance_output.txt
2025-04-28 05:01:58,461 - INFO - 
Виконання основного скрипта завершено.
