2025-04-30 09:16:39,712 - INFO - Розпочато виконання головного скрипта.
2025-04-30 09:16:39,712 - INFO - API ключі завантажено.
2025-04-30 09:16:40,518 - INFO - Успішно підключено до Binance API.
2025-04-30 09:16:40,518 - INFO - 
Отримання балансу...
2025-04-30 09:16:40,518 - INFO - --- Отримання спотового балансу ---
2025-04-30 09:16:43,938 - WARNING - Не вдалося отримати ціну для LDBNB у парі зі стейблкоїном, BTC або BNB.
2025-04-30 09:16:45,800 - WARNING - Не вдалося отримати ціну для LDETH у парі зі стейблкоїном, BTC або BNB.
2025-04-30 09:16:47,629 - WARNING - Не вдалося отримати ціну для LDDOGE у парі зі стейблкоїном, BTC або BNB.
2025-04-30 09:16:54,000 - WARNING - Не вдалося отримати ціну для ETHW у парі зі стейблкоїном, BTC або BNB.
2025-04-30 09:16:54,277 - INFO - 
Загальний спотовий баланс (оцінка в USD): 0.41 USD
2025-04-30 09:16:54,277 - INFO - --- Отримання балансу Binance Earn (Simple Earn) ---
2025-04-30 09:16:54,277 - INFO -   Спроба отримати Flexible Simple Earn...
2025-04-30 09:16:54,674 - INFO -   Знайдено 3 Flexible Simple Earn позицій.
2025-04-30 09:16:55,275 - INFO -   Спроба отримати Locked Simple Earn...
2025-04-30 09:16:55,600 - INFO -   Тип locked_positions: <class 'dict'>
2025-04-30 09:16:55,600 - INFO -   Вміст locked_positions (перші 200 символів): {'total': 0, 'rows': []}...
2025-04-30 09:16:55,600 - INFO -   Знайдено 2 Locked Simple Earn позицій.
2025-04-30 09:16:55,600 - ERROR - Невідома помишка при отриманні балансу Binance Earn: 'str' object has no attribute 'get'
2025-04-30 09:16:55,600 - ERROR - Деталі помилки:
2025-04-30 09:16:55,600 - ERROR - Traceback (most recent call last):
  File "D:\code\pro1\balance\api.py", line 238, in get_earn_balance
    asset = position.get('asset') # <-- Тут стається AttributeError
            ^^^^^^^^^^^^
AttributeError: 'str' object has no attribute 'get'

2025-04-30 09:16:55,600 - INFO - 
Загальний Binance Earn баланс (оцінка в USD): 0.00 USD
2025-04-30 09:16:55,600 - INFO - --- Отримання ф'ючерсного балансу (USDT-M) ---
2025-04-30 09:16:56,263 - INFO - Актив: USDT
2025-04-30 09:16:56,265 - INFO -   Баланс гаманця: 10.00000000
2025-04-30 09:16:56,265 - INFO -   Нереалізований PNL: 0.00000000
2025-04-30 09:16:56,265 - INFO -   Загальний баланс активу (в USDT): 10.00000000
2025-04-30 09:16:56,266 - INFO - 
Загальний ф'ючерсний баланс (оцінка в USD): 10.00 USD
2025-04-30 09:16:56,278 - INFO - 
Спотовий баланс:
2025-04-30 09:16:56,278 - INFO - 
 Актив    Вільний Заблокований     Всього Вартість (USD)
   ETH 0.00000547   0.00000000 0.00000547           0.01
  USDT 0.32328000   0.00000000 0.32328000           0.32
  USDC 0.06720962   0.00000000 0.06720962           0.07
 LDBNB 0.00084338   0.00000000 0.00084338            N/A
 LDETH 0.17972259   0.00000000 0.17972259            N/A
LDDOGE 0.00000352   0.00000000 0.00000352            N/A
   ANC 0.00022672   0.00000000 0.00022672           0.00
  ETHW 0.00000583   0.00000000 0.00000583            N/A
 KAITO 0.00931159   0.00000000 0.00931159           0.01
2025-04-30 09:16:56,281 - INFO - Дані збережено у файл JSON: D:\code\pro1\balance\output\balance_output.json
2025-04-30 09:16:56,283 - INFO - Дані збережено у файл TXT: D:\code\pro1\balance\output\balance_output.txt
2025-04-30 09:16:56,283 - INFO - 
Виконання головного скрипта завершено.
