2025-04-30 09:20:10,483 - INFO - Розпочато виконання головного скрипта.
2025-04-30 09:20:10,483 - INFO - API ключі завантажено.
2025-04-30 09:20:11,197 - INFO - Успішно підключено до Binance API.
2025-04-30 09:20:11,197 - INFO - 
Отримання балансу...
2025-04-30 09:20:11,197 - INFO - --- Отримання спотового балансу ---
2025-04-30 09:20:13,126 - WARNING - Не вдалося отримати ціну для LDBNB у парі зі стейблкоїном, BTC або BNB.
2025-04-30 09:20:14,280 - WARNING - Не вдалося отримати ціну для LDETH у парі зі стейблкоїном, BTC або BNB.
2025-04-30 09:20:15,529 - WARNING - Не вдалося отримати ціну для LDDOGE у парі зі стейблкоїном, BTC або BNB.
2025-04-30 09:20:16,998 - WARNING - Не вдалося отримати ціну для ETHW у парі зі стейблкоїном, BTC або BNB.
2025-04-30 09:20:17,287 - INFO - 
Загальний спотовий баланс (оцінка в USD): 0.41 USD
2025-04-30 09:20:17,303 - INFO - --- Отримання балансу Binance Earn (Simple Earn) ---
2025-04-30 09:20:17,303 - INFO -   Спроба отримати Flexible Simple Earn...
2025-04-30 09:20:17,716 - INFO -   Знайдено 3 Flexible Simple Earn позицій з балансом > 0.
2025-04-30 09:20:18,264 - INFO -   Спроба отримати Locked Simple Earn...
2025-04-30 09:20:18,644 - INFO -   Не знайдено Locked Simple Earn позицій з балансом > 0.
2025-04-30 09:20:18,644 - INFO - 
Загальний Binance Earn баланс (оцінка в USD): 331.59 USD
2025-04-30 09:20:18,644 - INFO - --- Отримання ф'ючерсного балансу (USDT-M) ---
2025-04-30 09:20:19,697 - INFO - Актив: USDT
2025-04-30 09:20:19,697 - INFO -   Баланс гаманця: 10.00000000
2025-04-30 09:20:19,697 - INFO -   Нереалізований PNL: 0.00000000
2025-04-30 09:20:19,697 - INFO -   Загальний баланс активу (в USDT): 10.00000000
2025-04-30 09:20:19,697 - INFO - 
Загальний ф'ючерсний баланс (оцінка в USD): 10.00 USD
2025-04-30 09:20:19,717 - INFO - 
Спотовий баланс:
2025-04-30 09:20:19,717 - INFO - 
 Актив    Вільний Заблокований     Всього Вартість (USD)
   ETH 0.00000547   0.00000000 0.00000547           0.01
  USDT 0.32328000   0.00000000 0.32328000           0.32
  USDC 0.06720962   0.00000000 0.06720962           0.07
 LDBNB 0.00084338   0.00000000 0.00084338            N/A
 LDETH 0.17972259   0.00000000 0.17972259            N/A
LDDOGE 0.00000352   0.00000000 0.00000352            N/A
   ANC 0.00022672   0.00000000 0.00022672           0.00
  ETHW 0.00000583   0.00000000 0.00000583            N/A
 KAITO 0.00931159   0.00000000 0.00931159           0.01
2025-04-30 09:20:19,729 - INFO - Дані збережено у файл JSON: D:\code\pro1\balance\output\balance_output.json
2025-04-30 09:20:19,729 - INFO - Дані збережено у файл TXT: D:\code\pro1\balance\output\balance_output.txt
2025-04-30 09:20:19,729 - INFO - 
Виконання головного скрипта завершено.
