2025-04-28 05:39:51,767 - INFO - Розпочато виконання скрипта balance_binance.py
2025-04-28 05:39:51,767 - INFO - API ключі завантажено.
2025-04-28 05:39:52,401 - INFO - Успішно підключено до Binance API.
2025-04-28 05:39:52,401 - INFO - 
Отримання балансу...
2025-04-28 05:39:52,402 - INFO - --- Отримання спотового балансу ---
2025-04-28 05:39:53,946 - WARNING - Не вдалося отримати ціну для LDBNB у парі зі стейблкоїном, BTC або BNB.
2025-04-28 05:39:54,984 - WARNING - Не вдалося отримати ціну для LDETH у парі зі стейблкоїном, BTC або BNB.
2025-04-28 05:39:56,017 - WARNING - Не вдалося отримати ціну для LDDOGE у парі зі стейблкоїном, BTC або BNB.
2025-04-28 05:39:57,313 - WARNING - Не вдалося отримати ціну для ETHW у парі зі стейблкоїном, BTC або BNB.
2025-04-28 05:39:57,575 - INFO - 
Загальний спотовий баланс (оцінка в USD): 324.17 USD
2025-04-28 05:39:57,575 - INFO - --- Отримання ф'ючерсного балансу (USDT-M) ---
2025-04-28 05:39:58,521 - INFO - Актив: USDT
2025-04-28 05:39:58,521 - INFO -   Баланс гаманця: 10.00000000
2025-04-28 05:39:58,521 - INFO -   Нереалізований PNL: 0.00000000
2025-04-28 05:39:58,521 - INFO -   Загальний баланс активу (в USDT): 10.00000000
2025-04-28 05:39:58,521 - INFO - 
Загальний ф'ючерсний баланс (оцінка в USD): 10.00 USD
2025-04-28 05:39:58,521 - INFO - 
Спотовий баланс:
2025-04-28 05:39:58,521 - INFO - 
 Актив    Вільний Заблокований     Всього Вартість (USD)
   ETH 0.18301680   0.00000000 0.18301680         323.77
  USDT 0.32328000   0.00000000 0.32328000           0.32
  USDC 0.06720962   0.00000000 0.06720962           0.07
 LDBNB 0.00084338   0.00000000 0.00084338            N/A
 LDETH 0.00005039   0.00000000 0.00005039            N/A
LDDOGE 0.00000352   0.00000000 0.00000352            N/A
   ANC 0.00022672   0.00000000 0.00022672           0.00
  ETHW 0.00000583   0.00000000 0.00000583            N/A
 KAITO 0.00931159   0.00000000 0.00931159           0.01
